GAS LISTING /tmp/ccZakKou.s 			page 1


   1              		.file	"PrintKernel.cpp"
   2              		.option pic
   3              		.option norelax
   4              		.text
   5              	.Ltext0:
   6              		.align	2
   7              		.globl	_Z17kernelPrintStringPKc
   9              	_Z17kernelPrintStringPKc:
  10              	.LFB57:
  11              		.file 1 "src/PrintKernel.cpp"
   1:src/PrintKernel.cpp **** //
   2:src/PrintKernel.cpp **** // Created by os on 6/19/23.
   3:src/PrintKernel.cpp **** //
   4:src/PrintKernel.cpp **** 
   5:src/PrintKernel.cpp **** //ideja preuzeta sa online vezbi
   6:src/PrintKernel.cpp **** #include "../h/PrintKernel.hpp"
   7:src/PrintKernel.cpp **** #include "../h/riscv.hpp"
   8:src/PrintKernel.cpp **** //#include "../lib/console.h"
   9:src/PrintKernel.cpp **** void kernelPrintString(char const *string)
  10:src/PrintKernel.cpp **** {
  12              		.loc 1 10 1
  13              		.cfi_startproc
  14              	.LVL0:
  15 0000 130101FE 		addi	sp,sp,-32
  16              		.cfi_def_cfa_offset 32
  17 0004 233C1100 		sd	ra,24(sp)
  18 0008 23388100 		sd	s0,16(sp)
  19 000c 23349100 		sd	s1,8(sp)
  20              		.cfi_offset 1, -8
  21              		.cfi_offset 8, -16
  22              		.cfi_offset 9, -24
  23 0010 13040102 		addi	s0,sp,32
  24              		.cfi_def_cfa 8, 0
  25 0014 93040500 		mv	s1,a0
  26              	.LVL1:
  27              	.L3:
  11:src/PrintKernel.cpp **** //    uint64 sstatus = riscv::r_sstatus();
  12:src/PrintKernel.cpp **** //    riscv::mc_sstatus(riscv::SSTATUS_SIE);
  13:src/PrintKernel.cpp ****     while (*string != '\0')
  28              		.loc 1 13 5
  29              		.loc 1 13 20
  30              		.loc 1 13 12 is_stmt 0
  31 0018 03C50400 		lbu	a0,0(s1)
  32              		.loc 1 13 20
  33 001c 630A0500 		beqz	a0,.L1
  14:src/PrintKernel.cpp ****     {
  15:src/PrintKernel.cpp ****         putc(*string);
  34              		.loc 1 15 9 is_stmt 1
  35              		.loc 1 15 13 is_stmt 0
  36 0020 97000000 		call	_Z4putcc@plt
  36      E7800000 
  37              	.LVL2:
  16:src/PrintKernel.cpp ****         string++;
  38              		.loc 1 16 9 is_stmt 1
  39              		.loc 1 16 15 is_stmt 0
  40 0028 93841400 		addi	s1,s1,1
  41              	.LVL3:
GAS LISTING /tmp/ccZakKou.s 			page 2


  13:src/PrintKernel.cpp ****     {
  42              		.loc 1 13 5
  43 002c 6FF0DFFE 		j	.L3
  44              	.L1:
  17:src/PrintKernel.cpp ****     }
  18:src/PrintKernel.cpp **** //    riscv::ms_sstatus(sstatus & riscv::SSTATUS_SIE? riscv::SSTATUS_SIE:0);
  19:src/PrintKernel.cpp **** }
  45              		.loc 1 19 1
  46 0030 83308101 		ld	ra,24(sp)
  47              		.cfi_restore 1
  48 0034 03340101 		ld	s0,16(sp)
  49              		.cfi_restore 8
  50              		.cfi_def_cfa 2, 32
  51 0038 83348100 		ld	s1,8(sp)
  52              		.cfi_restore 9
  53              	.LVL4:
  54 003c 13010102 		addi	sp,sp,32
  55              		.cfi_def_cfa_offset 0
  56 0040 67800000 		jr	ra
  57              		.cfi_endproc
  58              	.LFE57:
  60              		.align	2
  61              		.globl	_Z18kernelPrintIntegerm
  63              	_Z18kernelPrintIntegerm:
  64              	.LFB58:
  20:src/PrintKernel.cpp **** 
  21:src/PrintKernel.cpp **** void kernelPrintInteger(uint64 integer)
  22:src/PrintKernel.cpp **** {
  65              		.loc 1 22 1 is_stmt 1
  66              		.cfi_startproc
  67              	.LVL5:
  68 0044 130101FD 		addi	sp,sp,-48
  69              		.cfi_def_cfa_offset 48
  70 0048 23341102 		sd	ra,40(sp)
  71 004c 23308102 		sd	s0,32(sp)
  72 0050 233C9100 		sd	s1,24(sp)
  73              		.cfi_offset 1, -8
  74              		.cfi_offset 8, -16
  75              		.cfi_offset 9, -24
  76 0054 13040103 		addi	s0,sp,48
  77              		.cfi_def_cfa 8, 0
  23:src/PrintKernel.cpp **** //    uint64 sstatus = riscv::r_sstatus();
  24:src/PrintKernel.cpp **** //    riscv::mc_sstatus(riscv::SSTATUS_SIE);
  25:src/PrintKernel.cpp ****     static char digits[] = "0123456789";
  78              		.loc 1 25 5
  26:src/PrintKernel.cpp ****     char buf[16];
  79              		.loc 1 26 5
  27:src/PrintKernel.cpp ****     int i, neg;
  80              		.loc 1 27 5
  28:src/PrintKernel.cpp ****     uint x;
  81              		.loc 1 28 5
  29:src/PrintKernel.cpp **** 
  30:src/PrintKernel.cpp ****     neg = 0;
  82              		.loc 1 30 5
  83              	.LVL6:
  31:src/PrintKernel.cpp ****     if (integer < 0)
  84              		.loc 1 31 5
GAS LISTING /tmp/ccZakKou.s 			page 3


  32:src/PrintKernel.cpp ****     {
  33:src/PrintKernel.cpp ****         neg = 1;
  34:src/PrintKernel.cpp ****         x = -integer;
  35:src/PrintKernel.cpp ****     } else
  36:src/PrintKernel.cpp ****     {
  37:src/PrintKernel.cpp ****         x = integer;
  85              		.loc 1 37 9
  86              		.loc 1 37 11 is_stmt 0
  87 0058 1B050500 		sext.w	a0,a0
  88              	.LVL7:
  38:src/PrintKernel.cpp ****     }
  39:src/PrintKernel.cpp **** 
  40:src/PrintKernel.cpp ****     i = 0;
  89              		.loc 1 40 5 is_stmt 1
  90              		.loc 1 40 7 is_stmt 0
  91 005c 93040000 		li	s1,0
  92              	.LVL8:
  93              	.L6:
  41:src/PrintKernel.cpp ****     do
  94              		.loc 1 41 5 is_stmt 1
  42:src/PrintKernel.cpp ****     {
  43:src/PrintKernel.cpp ****         buf[i++] = digits[x % 10];
  95              		.loc 1 43 9
  96              		.loc 1 43 29 is_stmt 0
  97 0060 1306A000 		li	a2,10
  98 0064 3B77C502 		remuw	a4,a0,a2
  99              	.LVL9:
 100              		.loc 1 43 33
 101 0068 93160702 		slli	a3,a4,32
 102 006c 93D60602 		srli	a3,a3,32
 103 0070 17070000 		lla	a4,.LANCHOR0
 103      13070700 
 104 0078 3307D700 		add	a4,a4,a3
 105 007c 03470700 		lbu	a4,0(a4)
 106              		.loc 1 43 18
 107 0080 930604FE 		addi	a3,s0,-32
 108 0084 B3879600 		add	a5,a3,s1
 109 0088 9B841400 		addiw	s1,s1,1
 110              	.LVL10:
 111 008c 2388E7FE 		sb	a4,-16(a5)
  44:src/PrintKernel.cpp ****     } while ((x /= 10) != 0);
 112              		.loc 1 44 24 is_stmt 1
 113 0090 1B070500 		sext.w	a4,a0
 114              		.loc 1 44 17 is_stmt 0
 115 0094 3B55C502 		divuw	a0,a0,a2
 116              	.LVL11:
 117              		.loc 1 44 24
 118 0098 93079000 		li	a5,9
 119 009c E3E2E7FC 		bgtu	a4,a5,.L6
 120              	.LVL12:
 121              	.L8:
  45:src/PrintKernel.cpp ****     if (neg)
  46:src/PrintKernel.cpp ****         buf[i++] = '-';
  47:src/PrintKernel.cpp **** 
  48:src/PrintKernel.cpp ****     while (--i >= 0) { putc(buf[i]); }
 122              		.loc 1 48 5 is_stmt 1
 123              		.loc 1 48 16
GAS LISTING /tmp/ccZakKou.s 			page 4


 124 00a0 9B84F4FF 		addiw	s1,s1,-1
 125              	.LVL13:
 126 00a4 63CE0400 		bltz	s1,.L5
 127              		.loc 1 48 24 discriminator 1
 128              		.loc 1 48 28 is_stmt 0 discriminator 1
 129 00a8 930704FE 		addi	a5,s0,-32
 130 00ac B3879700 		add	a5,a5,s1
 131 00b0 03C507FF 		lbu	a0,-16(a5)
 132 00b4 97000000 		call	_Z4putcc@plt
 132      E7800000 
 133              	.LVL14:
 134 00bc 6FF05FFE 		j	.L8
 135              	.L5:
  49:src/PrintKernel.cpp **** //    riscv::ms_sstatus(sstatus & riscv::SSTATUS_SIE? riscv::SSTATUS_SIE:0);
  50:src/PrintKernel.cpp **** }
 136              		.loc 1 50 1
 137 00c0 83308102 		ld	ra,40(sp)
 138              		.cfi_restore 1
 139 00c4 03340102 		ld	s0,32(sp)
 140              		.cfi_restore 8
 141              		.cfi_def_cfa 2, 48
 142 00c8 83348101 		ld	s1,24(sp)
 143              		.cfi_restore 9
 144 00cc 13010103 		addi	sp,sp,48
 145              		.cfi_def_cfa_offset 0
 146 00d0 67800000 		jr	ra
 147              		.cfi_endproc
 148              	.LFE58:
 150              		.section	.rodata
 151              		.align	3
 152              		.set	.LANCHOR0,. + 0
 155              	_ZZ18kernelPrintIntegermE6digits:
 156 0000 30313233 		.string	"0123456789"
 156      34353637 
 156      383900
 157              		.text
 158              	.Letext0:
 159              		.file 2 "src/../h/../lib/hw.h"
 160              		.file 3 "src/../h/../h/syscall_c.hpp"
GAS LISTING /tmp/ccZakKou.s 			page 5


DEFINED SYMBOLS
                            *ABS*:0000000000000000 PrintKernel.cpp
     /tmp/ccZakKou.s:9      .text:0000000000000000 _Z17kernelPrintStringPKc
     /tmp/ccZakKou.s:13     .text:0000000000000000 .L0 
     /tmp/ccZakKou.s:15     .text:0000000000000000 .L0 
     /tmp/ccZakKou.s:16     .text:0000000000000004 .L0 
     /tmp/ccZakKou.s:20     .text:0000000000000010 .L0 
     /tmp/ccZakKou.s:21     .text:0000000000000010 .L0 
     /tmp/ccZakKou.s:22     .text:0000000000000010 .L0 
     /tmp/ccZakKou.s:24     .text:0000000000000014 .L0 
     /tmp/ccZakKou.s:29     .text:0000000000000018 .L0 
     /tmp/ccZakKou.s:30     .text:0000000000000018 .L0 
     /tmp/ccZakKou.s:31     .text:0000000000000018 .L0 
     /tmp/ccZakKou.s:33     .text:000000000000001c .L0 
     /tmp/ccZakKou.s:35     .text:0000000000000020 .L0 
     /tmp/ccZakKou.s:36     .text:0000000000000020 .L0 
     /tmp/ccZakKou.s:39     .text:0000000000000028 .L0 
     /tmp/ccZakKou.s:40     .text:0000000000000028 .L0 
     /tmp/ccZakKou.s:43     .text:000000000000002c .L0 
     /tmp/ccZakKou.s:46     .text:0000000000000030 .L0 
     /tmp/ccZakKou.s:47     .text:0000000000000034 .L0 
     /tmp/ccZakKou.s:49     .text:0000000000000038 .L0 
     /tmp/ccZakKou.s:50     .text:0000000000000038 .L0 
     /tmp/ccZakKou.s:52     .text:000000000000003c .L0 
     /tmp/ccZakKou.s:55     .text:0000000000000040 .L0 
     /tmp/ccZakKou.s:57     .text:0000000000000044 .L0 
     /tmp/ccZakKou.s:63     .text:0000000000000044 _Z18kernelPrintIntegerm
     /tmp/ccZakKou.s:66     .text:0000000000000044 .L0 
     /tmp/ccZakKou.s:68     .text:0000000000000044 .L0 
     /tmp/ccZakKou.s:69     .text:0000000000000048 .L0 
     /tmp/ccZakKou.s:73     .text:0000000000000054 .L0 
     /tmp/ccZakKou.s:74     .text:0000000000000054 .L0 
     /tmp/ccZakKou.s:75     .text:0000000000000054 .L0 
     /tmp/ccZakKou.s:77     .text:0000000000000058 .L0 
     /tmp/ccZakKou.s:79     .text:0000000000000058 .L0 
     /tmp/ccZakKou.s:80     .text:0000000000000058 .L0 
     /tmp/ccZakKou.s:81     .text:0000000000000058 .L0 
     /tmp/ccZakKou.s:82     .text:0000000000000058 .L0 
     /tmp/ccZakKou.s:84     .text:0000000000000058 .L0 
     /tmp/ccZakKou.s:85     .text:0000000000000058 .L0 
     /tmp/ccZakKou.s:86     .text:0000000000000058 .L0 
     /tmp/ccZakKou.s:87     .text:0000000000000058 .L0 
     /tmp/ccZakKou.s:90     .text:000000000000005c .L0 
     /tmp/ccZakKou.s:91     .text:000000000000005c .L0 
     /tmp/ccZakKou.s:95     .text:0000000000000060 .L0 
     /tmp/ccZakKou.s:96     .text:0000000000000060 .L0 
     /tmp/ccZakKou.s:97     .text:0000000000000060 .L0 
     /tmp/ccZakKou.s:101    .text:0000000000000068 .L0 
     /tmp/ccZakKou.s:107    .text:0000000000000080 .L0 
     /tmp/ccZakKou.s:113    .text:0000000000000090 .L0 
     /tmp/ccZakKou.s:115    .text:0000000000000094 .L0 
     /tmp/ccZakKou.s:118    .text:0000000000000098 .L0 
     /tmp/ccZakKou.s:123    .text:00000000000000a0 .L0 
     /tmp/ccZakKou.s:124    .text:00000000000000a0 .L0 
     /tmp/ccZakKou.s:128    .text:00000000000000a8 .L0 
     /tmp/ccZakKou.s:129    .text:00000000000000a8 .L0 
     /tmp/ccZakKou.s:137    .text:00000000000000c0 .L0 
GAS LISTING /tmp/ccZakKou.s 			page 6


     /tmp/ccZakKou.s:138    .text:00000000000000c4 .L0 
     /tmp/ccZakKou.s:140    .text:00000000000000c8 .L0 
     /tmp/ccZakKou.s:141    .text:00000000000000c8 .L0 
     /tmp/ccZakKou.s:143    .text:00000000000000cc .L0 
     /tmp/ccZakKou.s:145    .text:00000000000000d0 .L0 
     /tmp/ccZakKou.s:147    .text:00000000000000d4 .L0 
     /tmp/ccZakKou.s:152    .rodata:0000000000000000 .LANCHOR0
     /tmp/ccZakKou.s:155    .rodata:0000000000000000 _ZZ18kernelPrintIntegermE6digits
     /tmp/ccZakKou.s:161    .text:00000000000000d4 .L0 
     /tmp/ccZakKou.s:103    .text:0000000000000070 .L0 
     /tmp/ccZakKou.s:44     .text:0000000000000030 .L1
     /tmp/ccZakKou.s:27     .text:0000000000000018 .L3
     /tmp/ccZakKou.s:93     .text:0000000000000060 .L6
     /tmp/ccZakKou.s:135    .text:00000000000000c0 .L5
     /tmp/ccZakKou.s:121    .text:00000000000000a0 .L8
     /tmp/ccZakKou.s:435    .debug_abbrev:0000000000000000 .Ldebug_abbrev0
     /tmp/ccZakKou.s:876    .debug_str:00000000000000db .LASF27
     /tmp/ccZakKou.s:894    .debug_str:0000000000000217 .LASF28
     /tmp/ccZakKou.s:864    .debug_str:0000000000000067 .LASF29
     /tmp/ccZakKou.s:5      .text:0000000000000000 .Ltext0
     /tmp/ccZakKou.s:158    .text:00000000000000d4 .Letext0
     /tmp/ccZakKou.s:844    .debug_line:0000000000000000 .Ldebug_line0
     /tmp/ccZakKou.s:880    .debug_str:00000000000001a4 .LASF0
     /tmp/ccZakKou.s:878    .debug_str:000000000000019f .LASF3
     /tmp/ccZakKou.s:870    .debug_str:00000000000000b3 .LASF1
     /tmp/ccZakKou.s:866    .debug_str:0000000000000093 .LASF2
     /tmp/ccZakKou.s:854    .debug_str:0000000000000032 .LASF4
     /tmp/ccZakKou.s:868    .debug_str:00000000000000a1 .LASF5
     /tmp/ccZakKou.s:850    .debug_str:0000000000000015 .LASF6
     /tmp/ccZakKou.s:906    .debug_str:0000000000000273 .LASF7
     /tmp/ccZakKou.s:860    .debug_str:0000000000000045 .LASF8
     /tmp/ccZakKou.s:886    .debug_str:00000000000001ce .LASF9
     /tmp/ccZakKou.s:846    .debug_str:0000000000000000 .LASF10
     /tmp/ccZakKou.s:908    .debug_str:0000000000000286 .LASF11
     /tmp/ccZakKou.s:862    .debug_str:0000000000000058 .LASF12
     /tmp/ccZakKou.s:902    .debug_str:0000000000000251 .LASF13
     /tmp/ccZakKou.s:890    .debug_str:00000000000001f4 .LASF14
     /tmp/ccZakKou.s:874    .debug_str:00000000000000cf .LASF15
     /tmp/ccZakKou.s:852    .debug_str:000000000000001c .LASF16
     /tmp/ccZakKou.s:888    .debug_str:00000000000001de .LASF17
     /tmp/ccZakKou.s:884    .debug_str:00000000000001c9 .LASF18
     /tmp/ccZakKou.s:856    .debug_str:0000000000000039 .LASF19
     /tmp/ccZakKou.s:892    .debug_str:0000000000000204 .LASF21
     /tmp/ccZakKou.s:882    .debug_str:00000000000001b1 .LASF23
     /tmp/ccZakKou.s:64     .text:0000000000000044 .LFB58
     /tmp/ccZakKou.s:148    .text:00000000000000d4 .LFE58
     /tmp/ccZakKou.s:900    .debug_str:0000000000000249 .LASF25
     /tmp/ccZakKou.s:762    .debug_loc:0000000000000000 .LLST1
     /tmp/ccZakKou.s:848    .debug_str:000000000000000e .LASF20
     /tmp/ccZakKou.s:776    .debug_loc:0000000000000039 .LLST2
     /tmp/ccZakKou.s:798    .debug_loc:0000000000000098 .LLST3
     /tmp/ccZakKou.s:133    .text:00000000000000bc .LVL14
     /tmp/ccZakKou.s:904    .debug_str:0000000000000261 .LASF22
     /tmp/ccZakKou.s:898    .debug_str:0000000000000230 .LASF24
     /tmp/ccZakKou.s:10     .text:0000000000000000 .LFB57
     /tmp/ccZakKou.s:58     .text:0000000000000044 .LFE57
     /tmp/ccZakKou.s:858    .debug_str:000000000000003e .LASF26
GAS LISTING /tmp/ccZakKou.s 			page 7


     /tmp/ccZakKou.s:820    .debug_loc:00000000000000d9 .LLST0
     /tmp/ccZakKou.s:37     .text:0000000000000028 .LVL2
     /tmp/ccZakKou.s:872    .debug_str:00000000000000c6 .LASF30
     /tmp/ccZakKou.s:896    .debug_str:000000000000022b .LASF31
     /tmp/ccZakKou.s:67     .text:0000000000000044 .LVL5
     /tmp/ccZakKou.s:88     .text:000000000000005c .LVL7
     /tmp/ccZakKou.s:92     .text:0000000000000060 .LVL8
     /tmp/ccZakKou.s:99     .text:0000000000000068 .LVL9
     /tmp/ccZakKou.s:110    .text:000000000000008c .LVL10
     /tmp/ccZakKou.s:120    .text:00000000000000a0 .LVL12
     /tmp/ccZakKou.s:125    .text:00000000000000a4 .LVL13
     /tmp/ccZakKou.s:116    .text:0000000000000098 .LVL11
     /tmp/ccZakKou.s:14     .text:0000000000000000 .LVL0
     /tmp/ccZakKou.s:26     .text:0000000000000018 .LVL1
     /tmp/ccZakKou.s:53     .text:000000000000003c .LVL4
     /tmp/ccZakKou.s:162    .debug_info:0000000000000000 .Ldebug_info0

UNDEFINED SYMBOLS
_Z4putcc
